C:\Program Files\Microsoft Visual Studio\2022\Community\MSBuild\Microsoft\VC\v170\Microsoft.CppBuild.targets(1116,5): warning MSB8027: Two or more files with the name of main.cpp will produce outputs to the same location. This can lead to an incorrect build result.  The files involved are source\Dijkstra\main.cpp, source\Heap\main.cpp.
  Djikstra.cpp
C:\Users\isaac\Documents\GitHub\sc2001-HybridSort\Project2-Dijkstra\source\Heap\heap_t.tpp(136,29): warning C4267: '=': conversion from 'size_t' to 'int', possible loss of data
C:\Users\isaac\Documents\GitHub\sc2001-HybridSort\Project2-Dijkstra\source\Heap\heap_t.tpp(128,1): message : while compiling class template member function 'bool Heap<Node *>::ConstructHeap(void)'
C:\Users\isaac\Documents\GitHub\sc2001-HybridSort\Project2-Dijkstra\source\Heap\heap.h(69,27): message : see reference to class template instantiation 'Heap<Node *>' being compiled
C:\Users\isaac\Documents\GitHub\sc2001-HybridSort\Project2-Dijkstra\source\Heap\heap_t.tpp(159,11): warning C4267: 'initializing': conversion from 'size_t' to 'int', possible loss of data
C:\Users\isaac\Documents\GitHub\sc2001-HybridSort\Project2-Dijkstra\source\Heap\heap_t.tpp(154,1): message : while compiling class template member function 'bool Heap<Node *>::SetElements(std::vector<T,std::allocator<T>> &)'
          with
          [
              T=Node *
          ]
  main.cpp
C:\Users\isaac\Documents\GitHub\sc2001-HybridSort\Project2-Dijkstra\source\Heap\heap_t.tpp(136,29): warning C4267: '=': conversion from 'size_t' to 'int', possible loss of data
C:\Users\isaac\Documents\GitHub\sc2001-HybridSort\Project2-Dijkstra\source\Heap\heap_t.tpp(128,1): message : while compiling class template member function 'bool Heap<Node *>::ConstructHeap(void)'
C:\Users\isaac\Documents\GitHub\sc2001-HybridSort\Project2-Dijkstra\source\Heap\heap.h(69,27): message : see reference to class template instantiation 'Heap<Node *>' being compiled
C:\Users\isaac\Documents\GitHub\sc2001-HybridSort\Project2-Dijkstra\source\Heap\heap_t.tpp(159,11): warning C4267: 'initializing': conversion from 'size_t' to 'int', possible loss of data
C:\Users\isaac\Documents\GitHub\sc2001-HybridSort\Project2-Dijkstra\source\Heap\heap_t.tpp(154,1): message : while compiling class template member function 'bool Heap<Node *>::SetElements(std::vector<T,std::allocator<T>> &)'
          with
          [
              T=Node *
          ]
  main.cpp
C:\Users\isaac\Documents\GitHub\sc2001-HybridSort\Project2-Dijkstra\source\Heap\heap_t.tpp(136,29): warning C4267: '=': conversion from 'size_t' to 'int', possible loss of data
C:\Users\isaac\Documents\GitHub\sc2001-HybridSort\Project2-Dijkstra\source\Heap\heap_t.tpp(128,1): message : while compiling class template member function 'bool Heap<Node *>::ConstructHeap(void)'
C:\Users\isaac\Documents\GitHub\sc2001-HybridSort\Project2-Dijkstra\source\Heap\heap.h(69,27): message : see reference to class template instantiation 'Heap<Node *>' being compiled
C:\Users\isaac\Documents\GitHub\sc2001-HybridSort\Project2-Dijkstra\source\Heap\heap_t.tpp(159,11): warning C4267: 'initializing': conversion from 'size_t' to 'int', possible loss of data
C:\Users\isaac\Documents\GitHub\sc2001-HybridSort\Project2-Dijkstra\source\Heap\heap_t.tpp(154,1): message : while compiling class template member function 'bool Heap<Node *>::SetElements(std::vector<T,std::allocator<T>> &)'
          with
          [
              T=Node *
          ]
  queueMain.cpp
C:\Users\isaac\Documents\GitHub\sc2001-HybridSort\Project2-Dijkstra\source\Heap\heap_t.tpp(136,29): warning C4267: '=': conversion from 'size_t' to 'int', possible loss of data
C:\Users\isaac\Documents\GitHub\sc2001-HybridSort\Project2-Dijkstra\source\Heap\heap_t.tpp(128,1): message : while compiling class template member function 'bool Heap<Node *>::ConstructHeap(void)'
C:\Users\isaac\Documents\GitHub\sc2001-HybridSort\Project2-Dijkstra\source\Heap\heap.h(69,27): message : see reference to class template instantiation 'Heap<Node *>' being compiled
C:\Users\isaac\Documents\GitHub\sc2001-HybridSort\Project2-Dijkstra\source\Heap\heap_t.tpp(159,11): warning C4267: 'initializing': conversion from 'size_t' to 'int', possible loss of data
C:\Users\isaac\Documents\GitHub\sc2001-HybridSort\Project2-Dijkstra\source\Heap\heap_t.tpp(154,1): message : while compiling class template member function 'bool Heap<Node *>::SetElements(std::vector<T,std::allocator<T>> &)'
          with
          [
              T=Node *
          ]
  PriorityQueue.cpp
C:\Users\isaac\Documents\GitHub\sc2001-HybridSort\Project2-Dijkstra\source\Heap\heap_t.tpp(136,29): warning C4267: '=': conversion from 'size_t' to 'int', possible loss of data
C:\Users\isaac\Documents\GitHub\sc2001-HybridSort\Project2-Dijkstra\source\Heap\heap_t.tpp(128,1): message : while compiling class template member function 'bool Heap<Node *>::ConstructHeap(void)'
C:\Users\isaac\Documents\GitHub\sc2001-HybridSort\Project2-Dijkstra\source\Heap\heap.h(69,27): message : see reference to class template instantiation 'Heap<Node *>' being compiled
C:\Users\isaac\Documents\GitHub\sc2001-HybridSort\Project2-Dijkstra\source\Heap\heap_t.tpp(159,11): warning C4267: 'initializing': conversion from 'size_t' to 'int', possible loss of data
C:\Users\isaac\Documents\GitHub\sc2001-HybridSort\Project2-Dijkstra\source\Heap\heap_t.tpp(154,1): message : while compiling class template member function 'bool Heap<Node *>::SetElements(std::vector<T,std::allocator<T>> &)'
          with
          [
              T=Node *
          ]
  Generating Code...
C:\Users\isaac\Documents\GitHub\sc2001-HybridSort\Project2-Dijkstra\source\PriorityQueue.cpp(59): warning C4715: 'PriorityQueue::Top': not all control paths return a value
x64\Debug\main.obj : warning LNK4042: object specified more than once; extras ignored
  Project2-Dijkstra.vcxproj -> C:\Users\isaac\Documents\GitHub\sc2001-HybridSort\Project2-Dijkstra\x64\Debug\Project2-Dijkstra.exe
