c:\users\isaac\documents\github\sc2001-hybridsort\project2-dijkstra\debug\vc143.pdb
c:\users\isaac\documents\github\sc2001-hybridsort\project2-dijkstra\debug\vc143.idb
c:\users\isaac\documents\github\sc2001-hybridsort\project2-dijkstra\debug\priorityqueuearray.obj
c:\users\isaac\documents\github\sc2001-hybridsort\project2-dijkstra\debug\dijkstra.obj
c:\users\isaac\documents\github\sc2001-hybridsort\project2-dijkstra\debug\timer.obj
c:\users\isaac\documents\github\sc2001-hybridsort\project2-dijkstra\debug\main.obj
c:\users\isaac\documents\github\sc2001-hybridsort\project2-dijkstra\debug\priorityqueue.obj
c:\users\isaac\documents\github\sc2001-hybridsort\project2-dijkstra\debug\datahandler.obj
c:\users\isaac\documents\github\sc2001-hybridsort\project2-dijkstra\debug\graph.obj
c:\users\isaac\documents\github\sc2001-hybridsort\project2-dijkstra\debug\node.obj
c:\users\isaac\documents\github\sc2001-hybridsort\project2-dijkstra\debug\project2-dijkstra.exe
c:\users\isaac\documents\github\sc2001-hybridsort\project2-dijkstra\debug\project2-dijkstra.ilk
c:\users\isaac\documents\github\sc2001-hybridsort\project2-dijkstra\debug\project2-dijkstra.pdb
c:\users\isaac\documents\github\sc2001-hybridsort\project2-dijkstra\debug\dataexporter.obj
c:\users\isaac\documents\github\sc2001-hybridsort\project2-dijkstra\debug\djikstra.obj
c:\users\isaac\documents\github\sc2001-hybridsort\project2-dijkstra\debug\queuemain.obj
c:\users\isaac\documents\github\sc2001-hybridsort\project2-dijkstra\debug\project2.e12719fa.tlog\cl.command.1.tlog
c:\users\isaac\documents\github\sc2001-hybridsort\project2-dijkstra\debug\project2.e12719fa.tlog\cl.items.tlog
c:\users\isaac\documents\github\sc2001-hybridsort\project2-dijkstra\debug\project2.e12719fa.tlog\cl.read.1.tlog
c:\users\isaac\documents\github\sc2001-hybridsort\project2-dijkstra\debug\project2.e12719fa.tlog\cl.write.1.tlog
c:\users\isaac\documents\github\sc2001-hybridsort\project2-dijkstra\debug\project2.e12719fa.tlog\link.command.1.tlog
c:\users\isaac\documents\github\sc2001-hybridsort\project2-dijkstra\debug\project2.e12719fa.tlog\link.read.1.tlog
c:\users\isaac\documents\github\sc2001-hybridsort\project2-dijkstra\debug\project2.e12719fa.tlog\link.write.1.tlog
